{"/Users/jakkirhussain/Desktop/pomelo/src/App.js": {"path":"/Users/jakkirhussain/Desktop/pomelo/src/App.js","statementMap":{"0":{"start":{"line":8,"column":2},"end":{"line":35,"column":4}}},"fnMap":{"0":{"name":"App","decl":{"start":{"line":7,"column":9},"end":{"line":7,"column":12}},"loc":{"start":{"line":7,"column":20},"end":{"line":36,"column":1}},"line":7}},"branchMap":{},"s":{"0":0},"f":{"0":0},"b":{}}
,"/Users/jakkirhussain/Desktop/pomelo/src/index.js": {"path":"/Users/jakkirhussain/Desktop/pomelo/src/index.js","statementMap":{"0":{"start":{"line":9,"column":0},"end":{"line":16,"column":2}},"1":{"start":{"line":21,"column":0},"end":{"line":21,"column":18}}},"fnMap":{},"branchMap":{},"s":{"0":0,"1":0},"f":{},"b":{}}
,"/Users/jakkirhussain/Desktop/pomelo/src/reportWebVitals.js": {"path":"/Users/jakkirhussain/Desktop/pomelo/src/reportWebVitals.js","statementMap":{"0":{"start":{"line":1,"column":24},"end":{"line":11,"column":1}},"1":{"start":{"line":2,"column":2},"end":{"line":10,"column":3}},"2":{"start":{"line":3,"column":4},"end":{"line":9,"column":7}},"3":{"start":{"line":4,"column":6},"end":{"line":4,"column":26}},"4":{"start":{"line":5,"column":6},"end":{"line":5,"column":26}},"5":{"start":{"line":6,"column":6},"end":{"line":6,"column":26}},"6":{"start":{"line":7,"column":6},"end":{"line":7,"column":26}},"7":{"start":{"line":8,"column":6},"end":{"line":8,"column":27}}},"fnMap":{"0":{"name":"(anonymous_0)","decl":{"start":{"line":1,"column":24},"end":{"line":1,"column":25}},"loc":{"start":{"line":1,"column":39},"end":{"line":11,"column":1}},"line":1},"1":{"name":"(anonymous_1)","decl":{"start":{"line":3,"column":30},"end":{"line":3,"column":31}},"loc":{"start":{"line":3,"column":79},"end":{"line":9,"column":5}},"line":3}},"branchMap":{"0":{"loc":{"start":{"line":2,"column":2},"end":{"line":10,"column":3}},"type":"if","locations":[{"start":{"line":2,"column":2},"end":{"line":10,"column":3}},{"start":{},"end":{}}],"line":2},"1":{"loc":{"start":{"line":2,"column":6},"end":{"line":2,"column":52}},"type":"binary-expr","locations":[{"start":{"line":2,"column":6},"end":{"line":2,"column":17}},{"start":{"line":2,"column":21},"end":{"line":2,"column":52}}],"line":2}},"s":{"0":0,"1":0,"2":0,"3":0,"4":0,"5":0,"6":0,"7":0},"f":{"0":0,"1":0},"b":{"0":[0,0],"1":[0,0]}}
,"/Users/jakkirhussain/Desktop/pomelo/src/apis/apis.js": {"path":"/Users/jakkirhussain/Desktop/pomelo/src/apis/apis.js","statementMap":{"0":{"start":{"line":3,"column":15},"end":{"line":3,"column":49}},"1":{"start":{"line":5,"column":17},"end":{"line":9913,"column":1}},"2":{"start":{"line":9915,"column":18},"end":{"line":11103,"column":1}},"3":{"start":{"line":11105,"column":18},"end":{"line":12172,"column":1}},"4":{"start":{"line":12174,"column":27},"end":{"line":12192,"column":1}},"5":{"start":{"line":12175,"column":2},"end":{"line":12179,"column":4}},"6":{"start":{"line":12176,"column":4},"end":{"line":12178,"column":12}},"7":{"start":{"line":12177,"column":6},"end":{"line":12177,"column":24}},"8":{"start":{"line":12180,"column":2},"end":{"line":12180,"column":18}},"9":{"start":{"line":12181,"column":12},"end":{"line":12183,"column":4}},"10":{"start":{"line":12184,"column":2},"end":{"line":12191,"column":3}},"11":{"start":{"line":12185,"column":21},"end":{"line":12185,"column":41}},"12":{"start":{"line":12186,"column":4},"end":{"line":12186,"column":31}},"13":{"start":{"line":12187,"column":4},"end":{"line":12187,"column":25}},"14":{"start":{"line":12189,"column":4},"end":{"line":12189,"column":25}},"15":{"start":{"line":12190,"column":4},"end":{"line":12190,"column":16}},"16":{"start":{"line":12194,"column":32},"end":{"line":12209,"column":1}},"17":{"start":{"line":12195,"column":2},"end":{"line":12199,"column":4}},"18":{"start":{"line":12196,"column":4},"end":{"line":12198,"column":12}},"19":{"start":{"line":12197,"column":6},"end":{"line":12197,"column":25}},"20":{"start":{"line":12200,"column":12},"end":{"line":12200,"column":88}},"21":{"start":{"line":12201,"column":2},"end":{"line":12208,"column":3}},"22":{"start":{"line":12202,"column":21},"end":{"line":12202,"column":41}},"23":{"start":{"line":12203,"column":4},"end":{"line":12203,"column":31}},"24":{"start":{"line":12204,"column":4},"end":{"line":12204,"column":25}},"25":{"start":{"line":12206,"column":4},"end":{"line":12206,"column":25}},"26":{"start":{"line":12207,"column":4},"end":{"line":12207,"column":16}},"27":{"start":{"line":12211,"column":27},"end":{"line":12227,"column":1}},"28":{"start":{"line":12212,"column":2},"end":{"line":12216,"column":4}},"29":{"start":{"line":12213,"column":4},"end":{"line":12215,"column":12}},"30":{"start":{"line":12214,"column":6},"end":{"line":12214,"column":25}},"31":{"start":{"line":12217,"column":12},"end":{"line":12217,"column":108}},"32":{"start":{"line":12219,"column":2},"end":{"line":12226,"column":3}},"33":{"start":{"line":12220,"column":21},"end":{"line":12220,"column":41}},"34":{"start":{"line":12221,"column":4},"end":{"line":12221,"column":31}},"35":{"start":{"line":12222,"column":4},"end":{"line":12222,"column":25}},"36":{"start":{"line":12224,"column":4},"end":{"line":12224,"column":25}},"37":{"start":{"line":12225,"column":4},"end":{"line":12225,"column":16}}},"fnMap":{"0":{"name":"(anonymous_0)","decl":{"start":{"line":12174,"column":27},"end":{"line":12174,"column":28}},"loc":{"start":{"line":12174,"column":50},"end":{"line":12192,"column":1}},"line":12174},"1":{"name":"(anonymous_1)","decl":{"start":{"line":12175,"column":21},"end":{"line":12175,"column":22}},"loc":{"start":{"line":12176,"column":4},"end":{"line":12178,"column":12}},"line":12176},"2":{"name":"(anonymous_2)","decl":{"start":{"line":12176,"column":15},"end":{"line":12176,"column":16}},"loc":{"start":{"line":12176,"column":21},"end":{"line":12178,"column":5}},"line":12176},"3":{"name":"(anonymous_3)","decl":{"start":{"line":12194,"column":32},"end":{"line":12194,"column":33}},"loc":{"start":{"line":12194,"column":55},"end":{"line":12209,"column":1}},"line":12194},"4":{"name":"(anonymous_4)","decl":{"start":{"line":12195,"column":21},"end":{"line":12195,"column":22}},"loc":{"start":{"line":12196,"column":4},"end":{"line":12198,"column":12}},"line":12196},"5":{"name":"(anonymous_5)","decl":{"start":{"line":12196,"column":15},"end":{"line":12196,"column":16}},"loc":{"start":{"line":12196,"column":21},"end":{"line":12198,"column":5}},"line":12196},"6":{"name":"(anonymous_6)","decl":{"start":{"line":12211,"column":27},"end":{"line":12211,"column":28}},"loc":{"start":{"line":12211,"column":44},"end":{"line":12227,"column":1}},"line":12211},"7":{"name":"(anonymous_7)","decl":{"start":{"line":12212,"column":21},"end":{"line":12212,"column":22}},"loc":{"start":{"line":12213,"column":4},"end":{"line":12215,"column":12}},"line":12213},"8":{"name":"(anonymous_8)","decl":{"start":{"line":12213,"column":15},"end":{"line":12213,"column":16}},"loc":{"start":{"line":12213,"column":21},"end":{"line":12215,"column":5}},"line":12213}},"branchMap":{},"s":{"0":4,"1":4,"2":4,"3":4,"4":4,"5":0,"6":0,"7":0,"8":0,"9":0,"10":0,"11":0,"12":0,"13":0,"14":0,"15":0,"16":4,"17":0,"18":0,"19":0,"20":0,"21":0,"22":0,"23":0,"24":0,"25":0,"26":0,"27":4,"28":0,"29":0,"30":0,"31":0,"32":0,"33":0,"34":0,"35":0,"36":0,"37":0},"f":{"0":0,"1":0,"2":0,"3":0,"4":0,"5":0,"6":0,"7":0,"8":0},"b":{},"_coverageSchema":"1a1c01bbd47fc00a2c39e90264f33305004495a9","hash":"9cb32a37fe1c7c6060b8c8bc1f1254cc25883771"}
,"/Users/jakkirhussain/Desktop/pomelo/src/details/Details.js": {"path":"/Users/jakkirhussain/Desktop/pomelo/src/details/Details.js","statementMap":{"0":{"start":{"line":10,"column":19},"end":{"line":10,"column":32}},"1":{"start":{"line":11,"column":42},"end":{"line":11,"column":56}},"2":{"start":{"line":12,"column":22},"end":{"line":12,"column":39}},"3":{"start":{"line":13,"column":44},"end":{"line":13,"column":58}},"4":{"start":{"line":15,"column":2},"end":{"line":20,"column":5}},"5":{"start":{"line":16,"column":4},"end":{"line":19,"column":20}},"6":{"start":{"line":17,"column":6},"end":{"line":17,"column":29}},"7":{"start":{"line":18,"column":6},"end":{"line":18,"column":43}},"8":{"start":{"line":22,"column":23},"end":{"line":27,"column":4}},"9":{"start":{"line":22,"column":30},"end":{"line":27,"column":3}},"10":{"start":{"line":29,"column":2},"end":{"line":83,"column":4}},"11":{"start":{"line":37,"column":14},"end":{"line":78,"column":16}},"12":{"start":{"line":49,"column":22},"end":{"line":49,"column":60}},"13":{"start":{"line":52,"column":22},"end":{"line":57,"column":24}},"14":{"start":{"line":65,"column":24},"end":{"line":72,"column":25}},"15":{"start":{"line":69,"column":26},"end":{"line":69,"column":69}},"16":{"start":{"line":70,"column":31},"end":{"line":72,"column":25}},"17":{"start":{"line":71,"column":26},"end":{"line":71,"column":66}},"18":{"start":{"line":73,"column":24},"end":{"line":73,"column":64}}},"fnMap":{"0":{"name":"Results","decl":{"start":{"line":9,"column":9},"end":{"line":9,"column":16}},"loc":{"start":{"line":9,"column":24},"end":{"line":84,"column":1}},"line":9},"1":{"name":"(anonymous_1)","decl":{"start":{"line":15,"column":12},"end":{"line":15,"column":13}},"loc":{"start":{"line":15,"column":18},"end":{"line":20,"column":3}},"line":15},"2":{"name":"(anonymous_2)","decl":{"start":{"line":16,"column":52},"end":{"line":16,"column":53}},"loc":{"start":{"line":16,"column":62},"end":{"line":19,"column":5}},"line":16},"3":{"name":"(anonymous_3)","decl":{"start":{"line":22,"column":23},"end":{"line":22,"column":24}},"loc":{"start":{"line":22,"column":30},"end":{"line":27,"column":3}},"line":22},"4":{"name":"(anonymous_4)","decl":{"start":{"line":36,"column":30},"end":{"line":36,"column":31}},"loc":{"start":{"line":36,"column":39},"end":{"line":79,"column":13}},"line":36},"5":{"name":"(anonymous_5)","decl":{"start":{"line":48,"column":28},"end":{"line":48,"column":29}},"loc":{"start":{"line":48,"column":39},"end":{"line":50,"column":21}},"line":48},"6":{"name":"(anonymous_6)","decl":{"start":{"line":51,"column":25},"end":{"line":51,"column":26}},"loc":{"start":{"line":51,"column":44},"end":{"line":58,"column":21}},"line":51},"7":{"name":"(anonymous_7)","decl":{"start":{"line":64,"column":44},"end":{"line":64,"column":45}},"loc":{"start":{"line":64,"column":63},"end":{"line":74,"column":23}},"line":64}},"branchMap":{"0":{"loc":{"start":{"line":33,"column":11},"end":{"line":33,"column":78}},"type":"binary-expr","locations":[{"start":{"line":33,"column":11},"end":{"line":33,"column":23}},{"start":{"line":33,"column":27},"end":{"line":33,"column":78}}],"line":33},"1":{"loc":{"start":{"line":34,"column":11},"end":{"line":79,"column":14}},"type":"binary-expr","locations":[{"start":{"line":34,"column":11},"end":{"line":34,"column":24}},{"start":{"line":35,"column":12},"end":{"line":35,"column":32}},{"start":{"line":36,"column":12},"end":{"line":79,"column":14}}],"line":34},"2":{"loc":{"start":{"line":62,"column":21},"end":{"line":74,"column":24}},"type":"binary-expr","locations":[{"start":{"line":62,"column":21},"end":{"line":62,"column":31}},{"start":{"line":63,"column":22},"end":{"line":63,"column":39}},{"start":{"line":64,"column":22},"end":{"line":74,"column":24}}],"line":62},"3":{"loc":{"start":{"line":65,"column":24},"end":{"line":72,"column":25}},"type":"if","locations":[{"start":{"line":65,"column":24},"end":{"line":72,"column":25}},{"start":{"line":70,"column":31},"end":{"line":72,"column":25}}],"line":65},"4":{"loc":{"start":{"line":66,"column":26},"end":{"line":67,"column":54}},"type":"binary-expr","locations":[{"start":{"line":66,"column":26},"end":{"line":66,"column":64}},{"start":{"line":67,"column":26},"end":{"line":67,"column":54}}],"line":66},"5":{"loc":{"start":{"line":70,"column":31},"end":{"line":72,"column":25}},"type":"if","locations":[{"start":{"line":70,"column":31},"end":{"line":72,"column":25}},{"start":{},"end":{}}],"line":70}},"s":{"0":0,"1":0,"2":0,"3":0,"4":0,"5":0,"6":0,"7":0,"8":0,"9":0,"10":0,"11":0,"12":0,"13":0,"14":0,"15":0,"16":0,"17":0,"18":0},"f":{"0":0,"1":0,"2":0,"3":0,"4":0,"5":0,"6":0,"7":0},"b":{"0":[0,0],"1":[0,0,0],"2":[0,0,0],"3":[0,0],"4":[0,0],"5":[0,0]},"_coverageSchema":"1a1c01bbd47fc00a2c39e90264f33305004495a9","hash":"3abf6ea5c0e4b045c50ae9617e84a6f1cb1bb18f"}
,"/Users/jakkirhussain/Desktop/pomelo/src/details/Detailswrapper.js": {"path":"/Users/jakkirhussain/Desktop/pomelo/src/details/Detailswrapper.js","statementMap":{"0":{"start":{"line":8,"column":33},"end":{"line":8,"column":48}},"1":{"start":{"line":9,"column":2},"end":{"line":20,"column":4}},"2":{"start":{"line":13,"column":8},"end":{"line":13,"column":30}},"3":{"start":{"line":13,"column":26},"end":{"line":13,"column":28}}},"fnMap":{"0":{"name":"Detailswrapper","decl":{"start":{"line":7,"column":9},"end":{"line":7,"column":23}},"loc":{"start":{"line":7,"column":26},"end":{"line":21,"column":1}},"line":7},"1":{"name":"(anonymous_1)","decl":{"start":{"line":12,"column":15},"end":{"line":12,"column":16}},"loc":{"start":{"line":12,"column":21},"end":{"line":14,"column":7}},"line":12},"2":{"name":"(anonymous_2)","decl":{"start":{"line":13,"column":19},"end":{"line":13,"column":20}},"loc":{"start":{"line":13,"column":26},"end":{"line":13,"column":28}},"line":13}},"branchMap":{},"s":{"0":0,"1":0,"2":0,"3":0},"f":{"0":0,"1":0,"2":0},"b":{}}
,"/Users/jakkirhussain/Desktop/pomelo/src/error/ErrorFallback.js": {"path":"/Users/jakkirhussain/Desktop/pomelo/src/error/ErrorFallback.js","statementMap":{"0":{"start":{"line":6,"column":2},"end":{"line":6,"column":11}},"1":{"start":{"line":7,"column":2},"end":{"line":42,"column":4}}},"fnMap":{"0":{"name":"ErrorFallback","decl":{"start":{"line":5,"column":9},"end":{"line":5,"column":22}},"loc":{"start":{"line":5,"column":54},"end":{"line":43,"column":1}},"line":5}},"branchMap":{"0":{"loc":{"start":{"line":12,"column":13},"end":{"line":34,"column":13}},"type":"cond-expr","locations":[{"start":{"line":13,"column":14},"end":{"line":29,"column":20}},{"start":{"line":31,"column":14},"end":{"line":33,"column":20}}],"line":12}},"s":{"0":0,"1":0},"f":{"0":0},"b":{"0":[0,0]}}
,"/Users/jakkirhussain/Desktop/pomelo/src/error/errorhandler.js": {"path":"/Users/jakkirhussain/Desktop/pomelo/src/error/errorhandler.js","statementMap":{"0":{"start":{"line":1,"column":21},"end":{"line":4,"column":1}}},"fnMap":{"0":{"name":"(anonymous_0)","decl":{"start":{"line":1,"column":21},"end":{"line":1,"column":22}},"loc":{"start":{"line":1,"column":38},"end":{"line":4,"column":1}},"line":1}},"branchMap":{},"s":{"0":0},"f":{"0":0},"b":{}}
,"/Users/jakkirhussain/Desktop/pomelo/src/home/Home.js": {"path":"/Users/jakkirhussain/Desktop/pomelo/src/home/Home.js","statementMap":{"0":{"start":{"line":5,"column":2},"end":{"line":10,"column":4}}},"fnMap":{"0":{"name":"Home","decl":{"start":{"line":4,"column":9},"end":{"line":4,"column":13}},"loc":{"start":{"line":4,"column":21},"end":{"line":11,"column":1}},"line":4}},"branchMap":{},"s":{"0":0},"f":{"0":0},"b":{}}
,"/Users/jakkirhussain/Desktop/pomelo/src/mostpopular/MostPopularWrapper.js": {"path":"/Users/jakkirhussain/Desktop/pomelo/src/mostpopular/MostPopularWrapper.js","statementMap":{"0":{"start":{"line":8,"column":33},"end":{"line":8,"column":48}},"1":{"start":{"line":9,"column":2},"end":{"line":20,"column":4}},"2":{"start":{"line":13,"column":8},"end":{"line":13,"column":30}},"3":{"start":{"line":13,"column":26},"end":{"line":13,"column":28}}},"fnMap":{"0":{"name":"Mostpopularwrapper","decl":{"start":{"line":7,"column":9},"end":{"line":7,"column":27}},"loc":{"start":{"line":7,"column":30},"end":{"line":21,"column":1}},"line":7},"1":{"name":"(anonymous_1)","decl":{"start":{"line":12,"column":15},"end":{"line":12,"column":16}},"loc":{"start":{"line":12,"column":21},"end":{"line":14,"column":7}},"line":12},"2":{"name":"(anonymous_2)","decl":{"start":{"line":13,"column":19},"end":{"line":13,"column":20}},"loc":{"start":{"line":13,"column":26},"end":{"line":13,"column":28}},"line":13}},"branchMap":{},"s":{"0":0,"1":0,"2":0,"3":0},"f":{"0":0,"1":0,"2":0},"b":{}}
,"/Users/jakkirhussain/Desktop/pomelo/src/mostpopular/Mostpopular.js": {"path":"/Users/jakkirhussain/Desktop/pomelo/src/mostpopular/Mostpopular.js","statementMap":{"0":{"start":{"line":9,"column":40},"end":{"line":9,"column":54}},"1":{"start":{"line":10,"column":42},"end":{"line":10,"column":56}},"2":{"start":{"line":11,"column":22},"end":{"line":11,"column":39}},"3":{"start":{"line":13,"column":23},"end":{"line":18,"column":4}},"4":{"start":{"line":13,"column":30},"end":{"line":18,"column":3}},"5":{"start":{"line":20,"column":2},"end":{"line":25,"column":5}},"6":{"start":{"line":21,"column":4},"end":{"line":24,"column":20}},"7":{"start":{"line":22,"column":6},"end":{"line":22,"column":29}},"8":{"start":{"line":23,"column":6},"end":{"line":23,"column":35}},"9":{"start":{"line":27,"column":2},"end":{"line":81,"column":4}},"10":{"start":{"line":45,"column":12},"end":{"line":77,"column":14}},"11":{"start":{"line":50,"column":22},"end":{"line":62,"column":27}},"12":{"start":{"line":52,"column":26},"end":{"line":52,"column":72}},"13":{"start":{"line":55,"column":26},"end":{"line":61,"column":35}}},"fnMap":{"0":{"name":"Mostpopular","decl":{"start":{"line":8,"column":9},"end":{"line":8,"column":20}},"loc":{"start":{"line":8,"column":30},"end":{"line":82,"column":1}},"line":8},"1":{"name":"(anonymous_1)","decl":{"start":{"line":13,"column":23},"end":{"line":13,"column":24}},"loc":{"start":{"line":13,"column":30},"end":{"line":18,"column":3}},"line":13},"2":{"name":"(anonymous_2)","decl":{"start":{"line":20,"column":12},"end":{"line":20,"column":13}},"loc":{"start":{"line":20,"column":18},"end":{"line":25,"column":3}},"line":20},"3":{"name":"(anonymous_3)","decl":{"start":{"line":21,"column":35},"end":{"line":21,"column":36}},"loc":{"start":{"line":21,"column":45},"end":{"line":24,"column":5}},"line":21},"4":{"name":"(anonymous_4)","decl":{"start":{"line":44,"column":26},"end":{"line":44,"column":27}},"loc":{"start":{"line":44,"column":42},"end":{"line":78,"column":11}},"line":44},"5":{"name":"(anonymous_5)","decl":{"start":{"line":49,"column":34},"end":{"line":49,"column":35}},"loc":{"start":{"line":49,"column":45},"end":{"line":63,"column":21}},"line":49},"6":{"name":"(anonymous_6)","decl":{"start":{"line":51,"column":32},"end":{"line":51,"column":33}},"loc":{"start":{"line":51,"column":43},"end":{"line":53,"column":25}},"line":51},"7":{"name":"(anonymous_7)","decl":{"start":{"line":54,"column":29},"end":{"line":54,"column":30}},"loc":{"start":{"line":54,"column":55},"end":{"line":62,"column":25}},"line":54}},"branchMap":{"0":{"loc":{"start":{"line":41,"column":9},"end":{"line":41,"column":76}},"type":"binary-expr","locations":[{"start":{"line":41,"column":9},"end":{"line":41,"column":21}},{"start":{"line":41,"column":25},"end":{"line":41,"column":76}}],"line":41},"1":{"loc":{"start":{"line":42,"column":9},"end":{"line":78,"column":12}},"type":"binary-expr","locations":[{"start":{"line":42,"column":9},"end":{"line":42,"column":20}},{"start":{"line":43,"column":10},"end":{"line":43,"column":28}},{"start":{"line":44,"column":10},"end":{"line":78,"column":12}}],"line":42},"2":{"loc":{"start":{"line":48,"column":19},"end":{"line":71,"column":19}},"type":"cond-expr","locations":[{"start":{"line":49,"column":20},"end":{"line":63,"column":22}},{"start":{"line":65,"column":20},"end":{"line":70,"column":22}}],"line":48},"3":{"loc":{"start":{"line":48,"column":19},"end":{"line":48,"column":48}},"type":"binary-expr","locations":[{"start":{"line":48,"column":19},"end":{"line":48,"column":28}},{"start":{"line":48,"column":32},"end":{"line":48,"column":48}}],"line":48},"4":{"loc":{"start":{"line":55,"column":33},"end":{"line":61,"column":34}},"type":"cond-expr","locations":[{"start":{"line":56,"column":28},"end":{"line":60,"column":30}},{"start":{"line":61,"column":30},"end":{"line":61,"column":34}}],"line":55}},"s":{"0":16,"1":16,"2":16,"3":16,"4":4,"5":16,"6":12,"7":12,"8":12,"9":16,"10":160,"11":144,"12":432,"13":144},"f":{"0":16,"1":4,"2":12,"3":12,"4":160,"5":144,"6":432,"7":144},"b":{"0":[16,4],"1":[16,8,8],"2":[144,16],"3":[160,160],"4":[144,0]},"_coverageSchema":"1a1c01bbd47fc00a2c39e90264f33305004495a9","hash":"9746e320ca6a6c6576ff28f6e983447ef88f2476"}
,"/Users/jakkirhussain/Desktop/pomelo/src/search/Search.js": {"path":"/Users/jakkirhussain/Desktop/pomelo/src/search/Search.js","statementMap":{"0":{"start":{"line":9,"column":44},"end":{"line":9,"column":58}},"1":{"start":{"line":10,"column":42},"end":{"line":10,"column":56}},"2":{"start":{"line":11,"column":38},"end":{"line":11,"column":50}},"3":{"start":{"line":12,"column":26},"end":{"line":12,"column":37}},"4":{"start":{"line":14,"column":22},"end":{"line":14,"column":39}},"5":{"start":{"line":16,"column":22},"end":{"line":30,"column":4}},"6":{"start":{"line":16,"column":29},"end":{"line":30,"column":3}},"7":{"start":{"line":26,"column":6},"end":{"line":26,"column":40}},"8":{"start":{"line":32,"column":23},"end":{"line":39,"column":3}},"9":{"start":{"line":33,"column":4},"end":{"line":33,"column":27}},"10":{"start":{"line":34,"column":4},"end":{"line":34,"column":26}},"11":{"start":{"line":35,"column":4},"end":{"line":38,"column":20}},"12":{"start":{"line":36,"column":6},"end":{"line":36,"column":29}},"13":{"start":{"line":37,"column":6},"end":{"line":37,"column":32}},"14":{"start":{"line":41,"column":26},"end":{"line":60,"column":4}},"15":{"start":{"line":41,"column":38},"end":{"line":60,"column":3}},"16":{"start":{"line":55,"column":6},"end":{"line":55,"column":24}},"17":{"start":{"line":56,"column":6},"end":{"line":58,"column":22}},"18":{"start":{"line":57,"column":8},"end":{"line":57,"column":45}},"19":{"start":{"line":62,"column":2},"end":{"line":67,"column":5}},"20":{"start":{"line":63,"column":4},"end":{"line":66,"column":20}},"21":{"start":{"line":64,"column":6},"end":{"line":64,"column":29}},"22":{"start":{"line":65,"column":6},"end":{"line":65,"column":43}},"23":{"start":{"line":69,"column":23},"end":{"line":74,"column":4}},"24":{"start":{"line":69,"column":30},"end":{"line":74,"column":3}},"25":{"start":{"line":76,"column":2},"end":{"line":115,"column":4}},"26":{"start":{"line":106,"column":16},"end":{"line":106,"column":57}}},"fnMap":{"0":{"name":"SearchComponent","decl":{"start":{"line":8,"column":9},"end":{"line":8,"column":24}},"loc":{"start":{"line":8,"column":32},"end":{"line":116,"column":1}},"line":8},"1":{"name":"(anonymous_1)","decl":{"start":{"line":16,"column":22},"end":{"line":16,"column":23}},"loc":{"start":{"line":16,"column":29},"end":{"line":30,"column":3}},"line":16},"2":{"name":"(anonymous_2)","decl":{"start":{"line":25,"column":14},"end":{"line":25,"column":15}},"loc":{"start":{"line":25,"column":25},"end":{"line":27,"column":5}},"line":25},"3":{"name":"(anonymous_3)","decl":{"start":{"line":28,"column":15},"end":{"line":28,"column":16}},"loc":{"start":{"line":28,"column":21},"end":{"line":28,"column":23}},"line":28},"4":{"name":"(anonymous_4)","decl":{"start":{"line":29,"column":13},"end":{"line":29,"column":14}},"loc":{"start":{"line":29,"column":19},"end":{"line":29,"column":21}},"line":29},"5":{"name":"(anonymous_5)","decl":{"start":{"line":32,"column":23},"end":{"line":32,"column":24}},"loc":{"start":{"line":32,"column":34},"end":{"line":39,"column":3}},"line":32},"6":{"name":"(anonymous_6)","decl":{"start":{"line":35,"column":43},"end":{"line":35,"column":44}},"loc":{"start":{"line":35,"column":56},"end":{"line":38,"column":5}},"line":35},"7":{"name":"(anonymous_7)","decl":{"start":{"line":41,"column":26},"end":{"line":41,"column":27}},"loc":{"start":{"line":41,"column":38},"end":{"line":60,"column":3}},"line":41},"8":{"name":"(anonymous_8)","decl":{"start":{"line":54,"column":14},"end":{"line":54,"column":15}},"loc":{"start":{"line":54,"column":23},"end":{"line":59,"column":5}},"line":54},"9":{"name":"(anonymous_9)","decl":{"start":{"line":56,"column":52},"end":{"line":56,"column":53}},"loc":{"start":{"line":56,"column":62},"end":{"line":58,"column":7}},"line":56},"10":{"name":"(anonymous_10)","decl":{"start":{"line":62,"column":12},"end":{"line":62,"column":13}},"loc":{"start":{"line":62,"column":18},"end":{"line":67,"column":3}},"line":62},"11":{"name":"(anonymous_11)","decl":{"start":{"line":63,"column":38},"end":{"line":63,"column":39}},"loc":{"start":{"line":63,"column":48},"end":{"line":66,"column":5}},"line":63},"12":{"name":"(anonymous_12)","decl":{"start":{"line":69,"column":23},"end":{"line":69,"column":24}},"loc":{"start":{"line":69,"column":30},"end":{"line":74,"column":3}},"line":69},"13":{"name":"(anonymous_13)","decl":{"start":{"line":105,"column":32},"end":{"line":105,"column":33}},"loc":{"start":{"line":105,"column":48},"end":{"line":107,"column":15}},"line":105}},"branchMap":{"0":{"loc":{"start":{"line":95,"column":13},"end":{"line":97,"column":13}},"type":"binary-expr","locations":[{"start":{"line":95,"column":13},"end":{"line":95,"column":25}},{"start":{"line":96,"column":14},"end":{"line":96,"column":65}}],"line":95},"1":{"loc":{"start":{"line":99,"column":13},"end":{"line":101,"column":13}},"type":"binary-expr","locations":[{"start":{"line":99,"column":13},"end":{"line":99,"column":26}},{"start":{"line":99,"column":30},"end":{"line":99,"column":51}},{"start":{"line":100,"column":14},"end":{"line":100,"column":42}}],"line":99},"2":{"loc":{"start":{"line":103,"column":13},"end":{"line":107,"column":16}},"type":"binary-expr","locations":[{"start":{"line":103,"column":13},"end":{"line":103,"column":26}},{"start":{"line":104,"column":14},"end":{"line":104,"column":34}},{"start":{"line":105,"column":14},"end":{"line":107,"column":16}}],"line":103},"3":{"loc":{"start":{"line":108,"column":13},"end":{"line":110,"column":13}},"type":"binary-expr","locations":[{"start":{"line":108,"column":13},"end":{"line":108,"column":26}},{"start":{"line":108,"column":30},"end":{"line":108,"column":50}},{"start":{"line":109,"column":14},"end":{"line":109,"column":59}}],"line":108}},"s":{"0":16,"1":16,"2":16,"3":16,"4":16,"5":16,"6":16,"7":0,"8":16,"9":0,"10":0,"11":0,"12":0,"13":0,"14":16,"15":8,"16":0,"17":0,"18":0,"19":16,"20":12,"21":12,"22":12,"23":16,"24":4,"25":16,"26":80},"f":{"0":16,"1":16,"2":0,"3":0,"4":0,"5":0,"6":0,"7":8,"8":0,"9":0,"10":12,"11":12,"12":4,"13":80},"b":{"0":[16,4],"1":[16,8,0],"2":[16,8,8],"3":[16,8,8]},"_coverageSchema":"1a1c01bbd47fc00a2c39e90264f33305004495a9","hash":"9b89d5f82407cded8a4c6ec0693f63732b691bb5"}
,"/Users/jakkirhussain/Desktop/pomelo/src/search/Searchresults.js": {"path":"/Users/jakkirhussain/Desktop/pomelo/src/search/Searchresults.js","statementMap":{"0":{"start":{"line":4,"column":2},"end":{"line":47,"column":4}},"1":{"start":{"line":29,"column":16},"end":{"line":29,"column":54}},"2":{"start":{"line":32,"column":16},"end":{"line":39,"column":18}}},"fnMap":{"0":{"name":"Results","decl":{"start":{"line":3,"column":9},"end":{"line":3,"column":16}},"loc":{"start":{"line":3,"column":26},"end":{"line":48,"column":1}},"line":3},"1":{"name":"(anonymous_1)","decl":{"start":{"line":28,"column":22},"end":{"line":28,"column":23}},"loc":{"start":{"line":28,"column":33},"end":{"line":30,"column":15}},"line":28},"2":{"name":"(anonymous_2)","decl":{"start":{"line":31,"column":19},"end":{"line":31,"column":20}},"loc":{"start":{"line":31,"column":45},"end":{"line":40,"column":15}},"line":31}},"branchMap":{"0":{"loc":{"start":{"line":26,"column":11},"end":{"line":43,"column":11}},"type":"cond-expr","locations":[{"start":{"line":27,"column":12},"end":{"line":40,"column":16}},{"start":{"line":42,"column":12},"end":{"line":42,"column":74}}],"line":26}},"s":{"0":40,"1":2660,"2":36},"f":{"0":40,"1":2660,"2":36},"b":{"0":[36,4]},"_coverageSchema":"1a1c01bbd47fc00a2c39e90264f33305004495a9","hash":"17b1be26d209057be35b56e042bb850a16dd814d"}
,"/Users/jakkirhussain/Desktop/pomelo/src/search/Searchwrapper.js": {"path":"/Users/jakkirhussain/Desktop/pomelo/src/search/Searchwrapper.js","statementMap":{"0":{"start":{"line":9,"column":33},"end":{"line":9,"column":48}},"1":{"start":{"line":11,"column":2},"end":{"line":22,"column":4}},"2":{"start":{"line":15,"column":8},"end":{"line":15,"column":30}},"3":{"start":{"line":15,"column":26},"end":{"line":15,"column":28}}},"fnMap":{"0":{"name":"Searchwrapper","decl":{"start":{"line":8,"column":9},"end":{"line":8,"column":22}},"loc":{"start":{"line":8,"column":30},"end":{"line":23,"column":1}},"line":8},"1":{"name":"(anonymous_1)","decl":{"start":{"line":14,"column":15},"end":{"line":14,"column":16}},"loc":{"start":{"line":14,"column":21},"end":{"line":16,"column":7}},"line":14},"2":{"name":"(anonymous_2)","decl":{"start":{"line":15,"column":19},"end":{"line":15,"column":20}},"loc":{"start":{"line":15,"column":26},"end":{"line":15,"column":28}},"line":15}},"branchMap":{},"s":{"0":0,"1":0,"2":0,"3":0},"f":{"0":0,"1":0,"2":0},"b":{}}
}
