TN:
SF:src/App.js
FN:7,App
FNF:1
FNH:0
FNDA:0,App
DA:8,0
LF:1
LH:0
BRF:0
BRH:0
end_of_record
TN:
SF:src/index.js
FNF:0
FNH:0
DA:9,0
DA:21,0
LF:2
LH:0
BRF:0
BRH:0
end_of_record
TN:
SF:src/reportWebVitals.js
FN:1,(anonymous_0)
FN:3,(anonymous_1)
FNF:2
FNH:0
FNDA:0,(anonymous_0)
FNDA:0,(anonymous_1)
DA:1,0
DA:2,0
DA:3,0
DA:4,0
DA:5,0
DA:6,0
DA:7,0
DA:8,0
LF:8
LH:0
BRDA:2,0,0,0
BRDA:2,0,1,0
BRDA:2,1,0,0
BRDA:2,1,1,0
BRF:4
BRH:0
end_of_record
TN:
SF:src/apis/apis.js
FN:12174,(anonymous_0)
FN:12175,(anonymous_1)
FN:12176,(anonymous_2)
FN:12194,(anonymous_3)
FN:12195,(anonymous_4)
FN:12196,(anonymous_5)
FN:12211,(anonymous_6)
FN:12212,(anonymous_7)
FN:12213,(anonymous_8)
FNF:9
FNH:0
FNDA:0,(anonymous_0)
FNDA:0,(anonymous_1)
FNDA:0,(anonymous_2)
FNDA:0,(anonymous_3)
FNDA:0,(anonymous_4)
FNDA:0,(anonymous_5)
FNDA:0,(anonymous_6)
FNDA:0,(anonymous_7)
FNDA:0,(anonymous_8)
DA:3,4
DA:5,4
DA:9915,4
DA:11105,4
DA:12174,4
DA:12175,0
DA:12176,0
DA:12177,0
DA:12180,0
DA:12181,0
DA:12184,0
DA:12185,0
DA:12186,0
DA:12187,0
DA:12189,0
DA:12190,0
DA:12194,4
DA:12195,0
DA:12196,0
DA:12197,0
DA:12200,0
DA:12201,0
DA:12202,0
DA:12203,0
DA:12204,0
DA:12206,0
DA:12207,0
DA:12211,4
DA:12212,0
DA:12213,0
DA:12214,0
DA:12217,0
DA:12219,0
DA:12220,0
DA:12221,0
DA:12222,0
DA:12224,0
DA:12225,0
LF:38
LH:7
BRF:0
BRH:0
end_of_record
TN:
SF:src/details/Details.js
FN:9,Results
FN:15,(anonymous_1)
FN:16,(anonymous_2)
FN:22,(anonymous_3)
FN:36,(anonymous_4)
FN:48,(anonymous_5)
FN:51,(anonymous_6)
FN:64,(anonymous_7)
FNF:8
FNH:0
FNDA:0,Results
FNDA:0,(anonymous_1)
FNDA:0,(anonymous_2)
FNDA:0,(anonymous_3)
FNDA:0,(anonymous_4)
FNDA:0,(anonymous_5)
FNDA:0,(anonymous_6)
FNDA:0,(anonymous_7)
DA:10,0
DA:11,0
DA:12,0
DA:13,0
DA:15,0
DA:16,0
DA:17,0
DA:18,0
DA:22,0
DA:29,0
DA:37,0
DA:49,0
DA:52,0
DA:65,0
DA:69,0
DA:70,0
DA:71,0
DA:73,0
LF:18
LH:0
BRDA:33,0,0,0
BRDA:33,0,1,0
BRDA:34,1,0,0
BRDA:34,1,1,0
BRDA:34,1,2,0
BRDA:62,2,0,0
BRDA:62,2,1,0
BRDA:62,2,2,0
BRDA:65,3,0,0
BRDA:65,3,1,0
BRDA:66,4,0,0
BRDA:66,4,1,0
BRDA:70,5,0,0
BRDA:70,5,1,0
BRF:14
BRH:0
end_of_record
TN:
SF:src/details/Detailswrapper.js
FN:7,Detailswrapper
FN:12,(anonymous_1)
FN:13,(anonymous_2)
FNF:3
FNH:0
FNDA:0,Detailswrapper
FNDA:0,(anonymous_1)
FNDA:0,(anonymous_2)
DA:8,0
DA:9,0
DA:13,0
LF:3
LH:0
BRF:0
BRH:0
end_of_record
TN:
SF:src/error/ErrorFallback.js
FN:5,ErrorFallback
FNF:1
FNH:0
FNDA:0,ErrorFallback
DA:6,0
DA:7,0
LF:2
LH:0
BRDA:12,0,0,0
BRDA:12,0,1,0
BRF:2
BRH:0
end_of_record
TN:
SF:src/error/errorhandler.js
FN:1,(anonymous_0)
FNF:1
FNH:0
FNDA:0,(anonymous_0)
DA:1,0
LF:1
LH:0
BRF:0
BRH:0
end_of_record
TN:
SF:src/home/Home.js
FN:4,Home
FNF:1
FNH:0
FNDA:0,Home
DA:5,0
LF:1
LH:0
BRF:0
BRH:0
end_of_record
TN:
SF:src/mostpopular/MostPopularWrapper.js
FN:7,Mostpopularwrapper
FN:12,(anonymous_1)
FN:13,(anonymous_2)
FNF:3
FNH:0
FNDA:0,Mostpopularwrapper
FNDA:0,(anonymous_1)
FNDA:0,(anonymous_2)
DA:8,0
DA:9,0
DA:13,0
LF:3
LH:0
BRF:0
BRH:0
end_of_record
TN:
SF:src/mostpopular/Mostpopular.js
FN:8,Mostpopular
FN:13,(anonymous_1)
FN:20,(anonymous_2)
FN:21,(anonymous_3)
FN:44,(anonymous_4)
FN:49,(anonymous_5)
FN:51,(anonymous_6)
FN:54,(anonymous_7)
FNF:8
FNH:8
FNDA:16,Mostpopular
FNDA:4,(anonymous_1)
FNDA:12,(anonymous_2)
FNDA:12,(anonymous_3)
FNDA:160,(anonymous_4)
FNDA:144,(anonymous_5)
FNDA:432,(anonymous_6)
FNDA:144,(anonymous_7)
DA:9,16
DA:10,16
DA:11,16
DA:13,16
DA:20,16
DA:21,12
DA:22,12
DA:23,12
DA:27,16
DA:45,160
DA:50,144
DA:52,432
DA:55,144
LF:13
LH:13
BRDA:41,0,0,16
BRDA:41,0,1,4
BRDA:42,1,0,16
BRDA:42,1,1,8
BRDA:42,1,2,8
BRDA:48,2,0,144
BRDA:48,2,1,16
BRDA:48,3,0,160
BRDA:48,3,1,160
BRDA:55,4,0,144
BRDA:55,4,1,0
BRF:11
BRH:10
end_of_record
TN:
SF:src/search/Search.js
FN:8,SearchComponent
FN:16,(anonymous_1)
FN:25,(anonymous_2)
FN:28,(anonymous_3)
FN:29,(anonymous_4)
FN:32,(anonymous_5)
FN:35,(anonymous_6)
FN:41,(anonymous_7)
FN:54,(anonymous_8)
FN:56,(anonymous_9)
FN:62,(anonymous_10)
FN:63,(anonymous_11)
FN:69,(anonymous_12)
FN:105,(anonymous_13)
FNF:14
FNH:7
FNDA:16,SearchComponent
FNDA:16,(anonymous_1)
FNDA:0,(anonymous_2)
FNDA:0,(anonymous_3)
FNDA:0,(anonymous_4)
FNDA:0,(anonymous_5)
FNDA:0,(anonymous_6)
FNDA:8,(anonymous_7)
FNDA:0,(anonymous_8)
FNDA:0,(anonymous_9)
FNDA:12,(anonymous_10)
FNDA:12,(anonymous_11)
FNDA:4,(anonymous_12)
FNDA:80,(anonymous_13)
DA:9,16
DA:10,16
DA:11,16
DA:12,16
DA:14,16
DA:16,16
DA:26,0
DA:32,16
DA:33,0
DA:34,0
DA:35,0
DA:36,0
DA:37,0
DA:41,16
DA:55,0
DA:56,0
DA:57,0
DA:62,16
DA:63,12
DA:64,12
DA:65,12
DA:69,16
DA:76,16
DA:106,80
LF:24
LH:15
BRDA:95,0,0,16
BRDA:95,0,1,4
BRDA:99,1,0,16
BRDA:99,1,1,8
BRDA:99,1,2,0
BRDA:103,2,0,16
BRDA:103,2,1,8
BRDA:103,2,2,8
BRDA:108,3,0,16
BRDA:108,3,1,8
BRDA:108,3,2,8
BRF:11
BRH:10
end_of_record
TN:
SF:src/search/Searchresults.js
FN:3,Results
FN:28,(anonymous_1)
FN:31,(anonymous_2)
FNF:3
FNH:3
FNDA:40,Results
FNDA:2660,(anonymous_1)
FNDA:36,(anonymous_2)
DA:4,40
DA:29,2660
DA:32,36
LF:3
LH:3
BRDA:26,0,0,36
BRDA:26,0,1,4
BRF:2
BRH:2
end_of_record
TN:
SF:src/search/Searchwrapper.js
FN:8,Searchwrapper
FN:14,(anonymous_1)
FN:15,(anonymous_2)
FNF:3
FNH:0
FNDA:0,Searchwrapper
FNDA:0,(anonymous_1)
FNDA:0,(anonymous_2)
DA:9,0
DA:11,0
DA:15,0
LF:3
LH:0
BRF:0
BRH:0
end_of_record
