TN:
SF:src/App.js
FN:7,App
FNF:1
FNH:0
FNDA:0,App
DA:8,0
LF:1
LH:0
BRF:0
BRH:0
end_of_record
TN:
SF:src/index.js
FNF:0
FNH:0
DA:9,0
DA:21,0
LF:2
LH:0
BRF:0
BRH:0
end_of_record
TN:
SF:src/reportWebVitals.js
FN:1,(anonymous_0)
FN:3,(anonymous_1)
FNF:2
FNH:0
FNDA:0,(anonymous_0)
FNDA:0,(anonymous_1)
DA:1,0
DA:2,0
DA:3,0
DA:4,0
DA:5,0
DA:6,0
DA:7,0
DA:8,0
LF:8
LH:0
BRDA:2,0,0,0
BRDA:2,0,1,0
BRDA:2,1,0,0
BRDA:2,1,1,0
BRF:4
BRH:0
end_of_record
TN:
SF:src/apis/apis.js
FN:12174,(anonymous_0)
FN:12175,(anonymous_1)
FN:12176,(anonymous_2)
FN:12193,(anonymous_3)
FN:12194,(anonymous_4)
FN:12195,(anonymous_5)
FN:12209,(anonymous_6)
FN:12210,(anonymous_7)
FN:12211,(anonymous_8)
FNF:9
FNH:9
FNDA:1,(anonymous_0)
FNDA:1,(anonymous_1)
FNDA:1,(anonymous_2)
FNDA:1,(anonymous_3)
FNDA:1,(anonymous_4)
FNDA:1,(anonymous_5)
FNDA:1,(anonymous_6)
FNDA:1,(anonymous_7)
FNDA:1,(anonymous_8)
DA:3,8
DA:5,8
DA:9915,8
DA:11105,8
DA:12174,8
DA:12175,1
DA:12176,1
DA:12177,1
DA:12180,0
DA:12181,0
DA:12184,0
DA:12185,0
DA:12187,0
DA:12189,0
DA:12193,8
DA:12194,1
DA:12195,1
DA:12196,1
DA:12199,0
DA:12200,0
DA:12201,0
DA:12203,0
DA:12205,0
DA:12209,8
DA:12210,1
DA:12211,1
DA:12212,1
DA:12215,0
DA:12217,0
DA:12218,0
DA:12220,0
DA:12222,0
LF:32
LH:16
BRF:0
BRH:0
end_of_record
TN:
SF:src/details/Details.js
FN:9,Results
FN:15,(anonymous_1)
FN:16,(anonymous_2)
FN:22,(anonymous_3)
FN:36,(anonymous_4)
FN:48,(anonymous_5)
FN:51,(anonymous_6)
FN:64,(anonymous_7)
FNF:8
FNH:8
FNDA:10,Results
FNDA:6,(anonymous_1)
FNDA:6,(anonymous_2)
FNDA:2,(anonymous_3)
FNDA:4,(anonymous_4)
FNDA:296,(anonymous_5)
FNDA:4,(anonymous_6)
FNDA:4,(anonymous_7)
DA:10,10
DA:11,10
DA:12,8
DA:13,8
DA:15,8
DA:16,6
DA:17,6
DA:18,6
DA:22,8
DA:29,8
DA:37,4
DA:49,296
DA:52,4
DA:65,4
DA:69,0
DA:70,4
DA:71,4
DA:73,0
LF:18
LH:16
BRDA:33,0,0,8
BRDA:33,0,1,2
BRDA:34,1,0,8
BRDA:34,1,1,4
BRDA:34,1,2,4
BRDA:62,2,0,4
BRDA:62,2,1,4
BRDA:62,2,2,4
BRDA:65,3,0,0
BRDA:65,3,1,4
BRDA:66,4,0,4
BRDA:66,4,1,4
BRDA:70,5,0,4
BRDA:70,5,1,0
BRF:14
BRH:12
end_of_record
TN:
SF:src/details/Detailswrapper.js
FN:7,Detailswrapper
FN:12,(anonymous_1)
FN:13,(anonymous_2)
FNF:3
FNH:1
FNDA:2,Detailswrapper
FNDA:0,(anonymous_1)
FNDA:0,(anonymous_2)
DA:8,2
DA:9,1
DA:13,0
LF:3
LH:2
BRF:0
BRH:0
end_of_record
TN:
SF:src/error/ErrorFallback.js
FN:5,ErrorFallback
FNF:1
FNH:1
FNDA:1,ErrorFallback
DA:6,1
LF:1
LH:1
BRDA:11,0,0,0
BRDA:11,0,1,1
BRF:2
BRH:1
end_of_record
TN:
SF:src/error/errorhandler.js
FN:1,(anonymous_0)
FNF:1
FNH:0
FNDA:0,(anonymous_0)
DA:1,3
LF:1
LH:1
BRF:0
BRH:0
end_of_record
TN:
SF:src/home/Home.js
FN:4,Home
FNF:1
FNH:0
FNDA:0,Home
DA:5,0
LF:1
LH:0
BRF:0
BRH:0
end_of_record
TN:
SF:src/mostpopular/MostPopularWrapper.js
FN:7,Mostpopularwrapper
FN:12,(anonymous_1)
FN:13,(anonymous_2)
FNF:3
FNH:1
FNDA:2,Mostpopularwrapper
FNDA:0,(anonymous_1)
FNDA:0,(anonymous_2)
DA:8,2
DA:9,2
DA:13,0
LF:3
LH:2
BRF:0
BRH:0
end_of_record
TN:
SF:src/mostpopular/Mostpopular.js
FN:8,Mostpopular
FN:13,(anonymous_1)
FN:20,(anonymous_2)
FN:21,(anonymous_3)
FN:44,(anonymous_4)
FN:49,(anonymous_5)
FN:51,(anonymous_6)
FN:54,(anonymous_7)
FNF:8
FNH:8
FNDA:21,Mostpopular
FNDA:6,(anonymous_1)
FNDA:16,(anonymous_2)
FNDA:16,(anonymous_3)
FNDA:200,(anonymous_4)
FNDA:180,(anonymous_5)
FNDA:540,(anonymous_6)
FNDA:180,(anonymous_7)
DA:9,21
DA:10,21
DA:11,21
DA:13,21
DA:20,21
DA:21,16
DA:22,16
DA:23,16
DA:27,21
DA:45,200
DA:50,180
DA:52,540
DA:55,180
LF:13
LH:13
BRDA:41,0,0,21
BRDA:41,0,1,6
BRDA:42,1,0,21
BRDA:42,1,1,10
BRDA:42,1,2,10
BRDA:48,2,0,180
BRDA:48,2,1,20
BRDA:48,3,0,200
BRDA:48,3,1,200
BRDA:55,4,0,180
BRDA:55,4,1,0
BRF:11
BRH:10
end_of_record
TN:
SF:src/search/Search.js
FN:8,SearchComponent
FN:16,(anonymous_1)
FN:25,(anonymous_2)
FN:28,(anonymous_3)
FN:29,(anonymous_4)
FN:32,(anonymous_5)
FN:35,(anonymous_6)
FN:41,(anonymous_7)
FN:54,(anonymous_8)
FN:56,(anonymous_9)
FN:62,(anonymous_10)
FN:63,(anonymous_11)
FN:69,(anonymous_12)
FN:105,(anonymous_13)
FNF:14
FNH:7
FNDA:24,SearchComponent
FNDA:24,(anonymous_1)
FNDA:0,(anonymous_2)
FNDA:0,(anonymous_3)
FNDA:0,(anonymous_4)
FNDA:0,(anonymous_5)
FNDA:0,(anonymous_6)
FNDA:12,(anonymous_7)
FNDA:0,(anonymous_8)
FNDA:0,(anonymous_9)
FNDA:18,(anonymous_10)
FNDA:18,(anonymous_11)
FNDA:6,(anonymous_12)
FNDA:120,(anonymous_13)
DA:9,24
DA:10,24
DA:11,24
DA:12,24
DA:14,24
DA:16,24
DA:26,0
DA:32,24
DA:33,0
DA:34,0
DA:35,0
DA:36,0
DA:37,0
DA:41,24
DA:55,0
DA:56,0
DA:57,0
DA:62,24
DA:63,18
DA:64,18
DA:65,18
DA:69,24
DA:76,24
DA:106,120
LF:24
LH:15
BRDA:95,0,0,24
BRDA:95,0,1,6
BRDA:99,1,0,24
BRDA:99,1,1,12
BRDA:99,1,2,0
BRDA:103,2,0,24
BRDA:103,2,1,12
BRDA:103,2,2,12
BRDA:108,3,0,24
BRDA:108,3,1,12
BRDA:108,3,2,12
BRF:11
BRH:10
end_of_record
TN:
SF:src/search/Searchresults.js
FN:3,Results
FN:28,(anonymous_1)
FN:31,(anonymous_2)
FNF:3
FNH:3
FNDA:60,Results
FNDA:3990,(anonymous_1)
FNDA:54,(anonymous_2)
DA:4,60
DA:29,3990
DA:32,54
LF:3
LH:3
BRDA:26,0,0,54
BRDA:26,0,1,6
BRF:2
BRH:2
end_of_record
TN:
SF:src/search/Searchwrapper.js
FN:8,Searchwrapper
FN:14,(anonymous_1)
FN:15,(anonymous_2)
FNF:3
FNH:1
FNDA:2,Searchwrapper
FNDA:0,(anonymous_1)
FNDA:0,(anonymous_2)
DA:9,2
DA:11,2
DA:15,0
LF:3
LH:2
BRF:0
BRH:0
end_of_record
